error[E0308]: mismatched types
  --> tests/fail/incorrect_tag_enum.rs:14:22
   |
14 |     #[packable(tag = 0u32)]
   |                      ^^^^ expected `u8`, found `u32`
   |
help: change the type of the numeric literal from `u32` to `u8`
   |
14 |     #[packable(tag = 0u8)]
   |                      ~~~

error[E0308]: mismatched types
  --> tests/fail/incorrect_tag_enum.rs:10:10
   |
10 | #[derive(Packable)]
   |          ^^^^^^^^ expected `u8`, found `u32`
   |
   = note: expected reference `&u8`
              found reference `&u32`
   = note: this error originates in the derive macro `Packable` (in Nightly builds, run with -Z macro-backtrace for more info)
